[2026-05-20 02:00:02] === Starting automated sync ===
[2026-05-20 02:00:03] Running scan...
[2026-05-20 02:00:04]     Scanning: 5mc_outlier
[2026-05-20 02:00:05]       Tracked: 1581 files
[2026-05-20 02:00:05]       New: 0
[2026-05-20 02:00:05]       Modified: 0
[2026-05-20 02:00:05]       Deleted: 0
[2026-05-20 02:00:08]       Nextflow runs: 0
[2026-05-20 02:00:08]       SLURM jobs: 0
[2026-05-20 02:00:08]       Log files: 706
[2026-05-20 02:00:08]     Scanning: DROP_pipeline
[2026-05-20 02:00:08]       Tracked: 509 files
[2026-05-20 02:00:08]       New: 208
[2026-05-20 02:00:08]       Modified: 12
[2026-05-20 02:00:08]       Deleted: 1
[2026-05-20 02:00:16]       Nextflow runs: 0
[2026-05-20 02:00:16]       SLURM jobs: 1
[2026-05-20 02:00:16]       Log files: 19
[2026-05-20 02:00:16]     Scanning: TGen_RNASeq
[2026-05-20 02:00:23]       Tracked: 29525 files
[2026-05-20 02:00:23]       New: 0
[2026-05-20 02:00:23]       Modified: 0
[2026-05-20 02:00:23]       Deleted: 0
[2026-05-20 02:03:54]       Nextflow runs: 0
[2026-05-20 02:03:54]       SLURM jobs: 0
[2026-05-20 02:03:54]       Log files: 1863
[2026-05-20 02:03:55]     Scanning: 5mc_simulator
[2026-05-20 02:03:55]       Tracked: 171 files
[2026-05-20 02:03:55]       New: 0
[2026-05-20 02:03:55]       Modified: 0
[2026-05-20 02:03:55]       Deleted: 0
[2026-05-20 02:03:56]       Nextflow runs: 0
[2026-05-20 02:03:56]       SLURM jobs: 0
[2026-05-20 02:03:56]       Log files: 6
[2026-05-20 02:03:56]     Scanning: popqc
[2026-05-20 02:03:57]       Tracked: 30 files
[2026-05-20 02:03:57]       New: 0
[2026-05-20 02:03:57]       Modified: 0
[2026-05-20 02:03:57]       Deleted: 0
[2026-05-20 02:04:00]       Nextflow runs: 0
[2026-05-20 02:04:00]       SLURM jobs: 0
[2026-05-20 02:04:00]       Log files: 0
[2026-05-20 02:04:00]   
[2026-05-20 02:04:00]   Scan complete. Run 'biolab build' to compile the site.
[2026-05-20 02:04:00] Scan completed in 237 seconds
[2026-05-20 02:04:01] Changes detected, committing...
